# JRE version: Java(TM) SE Runtime Environment (8.0_131-b11) (build 1.8.0_131-b11)
# Java VM: Java HotSpot(TM) 64-Bit Server VM (25.131-b11 mixed mode bsd-amd64 compressed oops)
Heap:
 PSYoungGen      total 38400K, used 27774K [0x0000000795580000, 0x0000000798000000, 0x00000007c0000000)
  eden space 33280K, 68% used [0x0000000795580000,0x0000000796ba65c8,0x0000000797600000)
  from space 5120K, 99% used [0x0000000797600000,0x0000000797af9400,0x0000000797b00000)
  to   space 5120K, 0% used [0x0000000797b00000,0x0000000797b00000,0x0000000798000000)
 ParOldGen       total 51712K, used 10576K [0x0000000740000000, 0x0000000743280000, 0x0000000795580000)
  object space 51712K, 20% used [0x0000000740000000,0x0000000740a54210,0x0000000743280000)
 Metaspace       used 29137K, capacity 30528K, committed 30720K, reserved 1075200K
  class space    used 3985K, capacity 4286K, committed 4352K, reserved 1048576K
GC Heap History (8 events):
Event: 1.075 GC heap before
{Heap before GC invocations=1 (full 0):
 PSYoungGen      total 38400K, used 33280K [0x0000000795580000, 0x0000000798000000, 0x00000007c0000000)
  eden space 33280K, 100% used [0x0000000795580000,0x0000000797600000,0x0000000797600000)
  from space 5120K, 0% used [0x0000000797b00000,0x0000000797b00000,0x0000000798000000)
  to   space 5120K, 0% used [0x0000000797600000,0x0000000797600000,0x0000000797b00000)
 ParOldGen       total 87552K, used 0K [0x0000000740000000, 0x0000000745580000, 0x0000000795580000)
  object space 87552K, 0% used [0x0000000740000000,0x0000000740000000,0x0000000745580000)
 Metaspace       used 14946K, capacity 15516K, committed 15616K, reserved 1062912K
  class space    used 2068K, capacity 2274K, committed 2304K, reserved 1048576K
Event: 1.085 GC heap after
Heap after GC invocations=1 (full 0):
 PSYoungGen      total 38400K, used 4818K [0x0000000795580000, 0x0000000798000000, 0x00000007c0000000)
  eden space 33280K, 0% used [0x0000000795580000,0x0000000795580000,0x0000000797600000)
  from space 5120K, 94% used [0x0000000797600000,0x0000000797ab4ae0,0x0000000797b00000)
  to   space 5120K, 0% used [0x0000000797b00000,0x0000000797b00000,0x0000000798000000)
 ParOldGen       total 87552K, used 3482K [0x0000000740000000, 0x0000000745580000, 0x0000000795580000)
  object space 87552K, 3% used [0x0000000740000000,0x0000000740366878,0x0000000745580000)
 Metaspace       used 14946K, capacity 15516K, committed 15616K, reserved 1062912K
  class space    used 2068K, capacity 2274K, committed 2304K, reserved 1048576K
}
Event: 22.077 GC heap before
{Heap before GC invocations=2 (full 0):
 PSYoungGen      total 38400K, used 25648K [0x0000000795580000, 0x0000000798000000, 0x00000007c0000000)
  eden space 33280K, 62% used [0x0000000795580000,0x00000007969d75e8,0x0000000797600000)
  from space 5120K, 94% used [0x0000000797600000,0x0000000797ab4ae0,0x0000000797b00000)
  to   space 5120K, 0% used [0x0000000797b00000,0x0000000797b00000,0x0000000798000000)
 ParOldGen       total 87552K, used 3482K [0x0000000740000000, 0x0000000745580000, 0x0000000795580000)
  object space 87552K, 3% used [0x0000000740000000,0x0000000740366878,0x0000000745580000)
 Metaspace       used 20407K, capacity 21228K, committed 21296K, reserved 1067008K
  class space    used 2885K, capacity 3136K, committed 3200K, reserved 1048576K
Event: 22.086 GC heap after
Heap after GC invocations=2 (full 0):
 PSYoungGen      total 38400K, used 5091K [0x0000000795580000, 0x0000000798000000, 0x00000007c0000000)
  eden space 33280K, 0% used [0x0000000795580000,0x0000000795580000,0x0000000797600000)
  from space 5120K, 99% used [0x0000000797b00000,0x0000000797ff8dd0,0x0000000798000000)
  to   space 5120K, 0% used [0x0000000797600000,0x0000000797600000,0x0000000797b00000)
 ParOldGen       total 87552K, used 10528K [0x0000000740000000, 0x0000000745580000, 0x0000000795580000)
  object space 87552K, 12% used [0x0000000740000000,0x0000000740a48010,0x0000000745580000)
 Metaspace       used 20407K, capacity 21228K, committed 21296K, reserved 1067008K
  class space    used 2885K, capacity 3136K, committed 3200K, reserved 1048576K
}
Event: 22.086 GC heap before
{Heap before GC invocations=3 (full 1):
 PSYoungGen      total 38400K, used 5091K [0x0000000795580000, 0x0000000798000000, 0x00000007c0000000)
  eden space 33280K, 0% used [0x0000000795580000,0x0000000795580000,0x0000000797600000)
  from space 5120K, 99% used [0x0000000797b00000,0x0000000797ff8dd0,0x0000000798000000)
  to   space 5120K, 0% used [0x0000000797600000,0x0000000797600000,0x0000000797b00000)
 ParOldGen       total 87552K, used 10528K [0x0000000740000000, 0x0000000745580000, 0x0000000795580000)
  object space 87552K, 12% used [0x0000000740000000,0x0000000740a48010,0x0000000745580000)
 Metaspace       used 20407K, capacity 21228K, committed 21296K, reserved 1067008K
  class space    used 2885K, capacity 3136K, committed 3200K, reserved 1048576K
Event: 22.121 GC heap after
Heap after GC invocations=3 (full 1):
 PSYoungGen      total 38400K, used 0K [0x0000000795580000, 0x0000000798000000, 0x00000007c0000000)
  eden space 33280K, 0% used [0x0000000795580000,0x0000000795580000,0x0000000797600000)
  from space 5120K, 0% used [0x0000000797b00000,0x0000000797b00000,0x0000000798000000)
  to   space 5120K, 0% used [0x0000000797600000,0x0000000797600000,0x0000000797b00000)
 ParOldGen       total 51712K, used 10386K [0x0000000740000000, 0x0000000743280000, 0x0000000795580000)
  object space 51712K, 20% used [0x0000000740000000,0x0000000740a24bc0,0x0000000743280000)
 Metaspace       used 20407K, capacity 21228K, committed 21296K, reserved 1067008K
  class space    used 2885K, capacity 3136K, committed 3200K, reserved 1048576K
}
Event: 123.772 GC heap before
{Heap before GC invocations=4 (full 1):
 PSYoungGen      total 38400K, used 33280K [0x0000000795580000, 0x0000000798000000, 0x00000007c0000000)
  eden space 33280K, 100% used [0x0000000795580000,0x0000000797600000,0x0000000797600000)
  from space 5120K, 0% used [0x0000000797b00000,0x0000000797b00000,0x0000000798000000)
  to   space 5120K, 0% used [0x0000000797600000,0x0000000797600000,0x0000000797b00000)
 ParOldGen       total 51712K, used 10386K [0x0000000740000000, 0x0000000743280000, 0x0000000795580000)
  object space 51712K, 20% used [0x0000000740000000,0x0000000740a24bc0,0x0000000743280000)
 Metaspace       used 28565K, capacity 29910K, committed 30208K, reserved 1075200K
  class space    used 3959K, capacity 4277K, committed 4352K, reserved 1048576K
Event: 123.777 GC heap after
Heap after GC invocations=4 (full 1):
 PSYoungGen      total 38400K, used 5093K [0x0000000795580000, 0x0000000798000000, 0x00000007c0000000)
  eden space 33280K, 0% used [0x0000000795580000,0x0000000795580000,0x0000000797600000)
  from space 5120K, 99% used [0x0000000797600000,0x0000000797af9400,0x0000000797b00000)
  to   space 5120K, 0% used [0x0000000797b00000,0x0000000797b00000,0x0000000798000000)
 ParOldGen       total 51712K, used 10576K [0x0000000740000000, 0x0000000743280000, 0x0000000795580000)
  object space 51712K, 20% used [0x0000000740000000,0x0000000740a54210,0x0000000743280000)
 Metaspace       used 28565K, capacity 29910K, committed 30208K, reserved 1075200K
  class space    used 3959K, capacity 4277K, committed 4352K, reserved 1048576K
}

